0 info it worked if it ends with ok
1 verbose cli [ 'node',
1 verbose cli   '/usr/local/bin/npm',
1 verbose cli   'install',
1 verbose cli   '--save',
1 verbose cli   'omxcontroll' ]
2 info using npm@1.4.28
3 info using node@v0.10.35
4 verbose readDependencies using package.json deps
5 verbose cache add [ 'omxcontroll', null ]
6 verbose cache add name=undefined spec="omxcontroll" args=["omxcontroll",null]
7 verbose parsed url { protocol: null,
7 verbose parsed url   slashes: null,
7 verbose parsed url   auth: null,
7 verbose parsed url   host: null,
7 verbose parsed url   port: null,
7 verbose parsed url   hostname: null,
7 verbose parsed url   hash: null,
7 verbose parsed url   search: null,
7 verbose parsed url   query: null,
7 verbose parsed url   pathname: 'omxcontroll',
7 verbose parsed url   path: 'omxcontroll',
7 verbose parsed url   href: 'omxcontroll' }
8 silly lockFile 409ec16d-omxcontroll omxcontroll
9 verbose lock omxcontroll /Users/patrick/.npm/409ec16d-omxcontroll.lock
10 silly lockFile 409ec16d-omxcontroll omxcontroll
11 silly lockFile 409ec16d-omxcontroll omxcontroll
12 verbose addNamed [ 'omxcontroll', '' ]
13 verbose addNamed [ null, '*' ]
14 silly lockFile 67d878bd-omxcontroll omxcontroll@
15 verbose lock omxcontroll@ /Users/patrick/.npm/67d878bd-omxcontroll.lock
16 silly addNameRange { name: 'omxcontroll', range: '*', hasData: false }
17 verbose request where is /omxcontroll
18 verbose request registry https://registry.npmjs.org/
19 verbose request id f4f4bcafaa151ec1
20 verbose url raw /omxcontroll
21 verbose url resolving [ 'https://registry.npmjs.org/', './omxcontroll' ]
22 verbose url resolved https://registry.npmjs.org/omxcontroll
23 verbose request where is https://registry.npmjs.org/omxcontroll
24 info trying registry request attempt 1 at 21:37:25
25 http GET https://registry.npmjs.org/omxcontroll
26 http 404 https://registry.npmjs.org/omxcontroll
27 verbose headers { date: 'Thu, 26 Feb 2015 03:37:23 GMT',
27 verbose headers   server: 'CouchDB/1.5.0 (Erlang OTP/R16B03)',
27 verbose headers   'content-type': 'application/json',
27 verbose headers   'cache-control': 'max-age=0',
27 verbose headers   'content-length': '52',
27 verbose headers   'accept-ranges': 'bytes',
27 verbose headers   via: '1.1 varnish',
27 verbose headers   age: '0',
27 verbose headers   'x-served-by': 'cache-ord1722-ORD',
27 verbose headers   'x-cache': 'MISS',
27 verbose headers   'x-cache-hits': '0',
27 verbose headers   'x-timer': 'S1424921843.699293,VS0,VE271',
27 verbose headers   'keep-alive': 'timeout=10, max=50',
27 verbose headers   connection: 'Keep-Alive' }
28 silly registry.get cb [ 404,
28 silly registry.get   { date: 'Thu, 26 Feb 2015 03:37:23 GMT',
28 silly registry.get     server: 'CouchDB/1.5.0 (Erlang OTP/R16B03)',
28 silly registry.get     'content-type': 'application/json',
28 silly registry.get     'cache-control': 'max-age=0',
28 silly registry.get     'content-length': '52',
28 silly registry.get     'accept-ranges': 'bytes',
28 silly registry.get     via: '1.1 varnish',
28 silly registry.get     age: '0',
28 silly registry.get     'x-served-by': 'cache-ord1722-ORD',
28 silly registry.get     'x-cache': 'MISS',
28 silly registry.get     'x-cache-hits': '0',
28 silly registry.get     'x-timer': 'S1424921843.699293,VS0,VE271',
28 silly registry.get     'keep-alive': 'timeout=10, max=50',
28 silly registry.get     connection: 'Keep-Alive' } ]
29 silly lockFile 67d878bd-omxcontroll omxcontroll@
30 silly lockFile 67d878bd-omxcontroll omxcontroll@
31 error 404 404 Not Found: omxcontroll
31 error 404
31 error 404 'omxcontroll' is not in the npm registry.
31 error 404 You should bug the author to publish it
31 error 404 It was specified as a dependency of 'InfiniteTV'
31 error 404
31 error 404 Note that you can also install from a
31 error 404 tarball, folder, or http url, or git url.
32 error System Darwin 14.1.0
33 error command "node" "/usr/local/bin/npm" "install" "--save" "omxcontroll"
34 error cwd /Users/patrick/Development/webdev/infinite-tv/InfiniteTV
35 error node -v v0.10.35
36 error npm -v 1.4.28
37 error code E404
38 verbose exit [ 1, true ]
